<?xml version="1.0" encoding="UTF-8"?>
<testsuite xmlns:xsi="http://www.w3.org/2001/XMLSchema-instance" xsi:noNamespaceSchemaLocation="https://maven.apache.org/surefire/maven-surefire-plugin/xsd/surefire-test-report-3.0.xsd" version="3.0" name="org.hibernate.bugs.ORMStandaloneTestCase" time="0.009" tests="1" errors="0" skipped="0" failures="0">
  <properties>
[...]
</properties>
  <testcase name="hhh123Test" classname="org.hibernate.bugs.ORMStandaloneTestCase" time="0.009">
    <system-out><![CDATA[2023-08-12 09:17:55 WARN  CachingRegionFactory:48 - org.hibernate.testing.cache.CachingRegionFactory should be only used for testing.
2023-08-12 09:17:55 WARN  pooling:80 - HHH10001002: Using built-in connection pool (not intended for production use)
2023-08-12 09:17:55 INFO  pooling:139 - HHH10001005: Loaded JDBC driver class: org.h2.Driver
2023-08-12 09:17:55 INFO  pooling:161 - HHH10001012: Connecting with JDBC URL [jdbc:h2:mem:db1;DB_CLOSE_DELAY=-1]
2023-08-12 09:17:55 INFO  pooling:170 - HHH10001001: Connection properties: {password=****, user=sa}
2023-08-12 09:17:55 INFO  pooling:174 - HHH10001003: Autocommit mode: false
2023-08-12 09:17:55 INFO  pooling:366 - HHH10001115: Connection pool size: 5 (min=1)
2023-08-12 09:17:55 INFO  BytecodeProviderInitiator:53 - HHH000021: Bytecode provider name : bytebuddy
2023-08-12 09:17:55 INFO  JtaPlatformInitiator:51 - HHH000490: Using JtaPlatform implementation: [org.hibernate.engine.transaction.jta.platform.internal.WildFlyStandAloneJtaPlatform]
]]></system-out>
  </testcase>
</testsuite>