<?xml version="1.0" encoding="UTF-8"?>
<testsuite xmlns:xsi="http://www.w3.org/2001/XMLSchema-instance" xsi:noNamespaceSchemaLocation="https://maven.apache.org/surefire/maven-surefire-plugin/xsd/surefire-test-report-3.0.xsd" version="3.0" name="org.hibernate.bugs.JPAUnitTestCase" time="1.112" tests="1" errors="1" skipped="0" failures="0">
  <properties>
[...]
</properties>
  <testcase name="hhh123Test" classname="org.hibernate.bugs.JPAUnitTestCase" time="1.106">
    <error message="org.hibernate.TransientObjectException: object references an unsaved transient instance - save the transient instance before flushing: org.hibernate.bugs.Person" type="java.lang.IllegalStateException"><![CDATA[java.lang.IllegalStateException: org.hibernate.TransientObjectException: object references an unsaved transient instance - save the transient instance before flushing: org.hibernate.bugs.Person
	at org.hibernate.internal.ExceptionConverterImpl.convert(ExceptionConverterImpl.java:152)
	at org.hibernate.query.spi.AbstractSelectionQuery.list(AbstractSelectionQuery.java:378)
	at org.hibernate.query.spi.AbstractSelectionQuery.getSingleResult(AbstractSelectionQuery.java:473)
	at org.hibernate.bugs.JPAUnitTestCase.hhh123Test(JPAUnitTestCase.java:48)
	at java.base/jdk.internal.reflect.DirectMethodHandleAccessor.invoke(DirectMethodHandleAccessor.java:104)
	at java.base/java.lang.reflect.Method.invoke(Method.java:578)
	at org.junit.runners.model.FrameworkMethod$1.runReflectiveCall(FrameworkMethod.java:59)
	at org.junit.internal.runners.model.ReflectiveCallable.run(ReflectiveCallable.java:12)
	at org.junit.runners.model.FrameworkMethod.invokeExplosively(FrameworkMethod.java:56)
	at org.junit.internal.runners.statements.InvokeMethod.evaluate(InvokeMethod.java:17)
	at org.junit.internal.runners.statements.RunBefores.evaluate(RunBefores.java:26)
	at org.junit.internal.runners.statements.RunAfters.evaluate(RunAfters.java:27)
	at org.junit.runners.ParentRunner$3.evaluate(ParentRunner.java:306)
	at org.junit.runners.BlockJUnit4ClassRunner$1.evaluate(BlockJUnit4ClassRunner.java:100)
	at org.junit.runners.ParentRunner.runLeaf(ParentRunner.java:366)
	at org.junit.runners.BlockJUnit4ClassRunner.runChild(BlockJUnit4ClassRunner.java:103)
	at org.junit.runners.BlockJUnit4ClassRunner.runChild(BlockJUnit4ClassRunner.java:63)
	at org.junit.runners.ParentRunner$4.run(ParentRunner.java:331)
	at org.junit.runners.ParentRunner$1.schedule(ParentRunner.java:79)
	at org.junit.runners.ParentRunner.runChildren(ParentRunner.java:329)
	at org.junit.runners.ParentRunner.access$100(ParentRunner.java:66)
	at org.junit.runners.ParentRunner$2.evaluate(ParentRunner.java:293)
	at org.junit.runners.ParentRunner$3.evaluate(ParentRunner.java:306)
	at org.junit.runners.ParentRunner.run(ParentRunner.java:413)
	at org.junit.runner.JUnitCore.run(JUnitCore.java:137)
	at org.junit.runner.JUnitCore.run(JUnitCore.java:115)
	at org.junit.vintage.engine.execution.RunnerExecutor.execute(RunnerExecutor.java:42)
	at org.junit.vintage.engine.VintageTestEngine.executeAllChildren(VintageTestEngine.java:80)
	at org.junit.vintage.engine.VintageTestEngine.execute(VintageTestEngine.java:72)
	at org.junit.platform.launcher.core.EngineExecutionOrchestrator.execute(EngineExecutionOrchestrator.java:147)
	at org.junit.platform.launcher.core.EngineExecutionOrchestrator.execute(EngineExecutionOrchestrator.java:127)
	at org.junit.platform.launcher.core.EngineExecutionOrchestrator.execute(EngineExecutionOrchestrator.java:90)
	at org.junit.platform.launcher.core.EngineExecutionOrchestrator.lambda$execute$0(EngineExecutionOrchestrator.java:55)
	at org.junit.platform.launcher.core.EngineExecutionOrchestrator.withInterceptedStreams(EngineExecutionOrchestrator.java:102)
	at org.junit.platform.launcher.core.EngineExecutionOrchestrator.execute(EngineExecutionOrchestrator.java:54)
	at org.junit.platform.launcher.core.DefaultLauncher.execute(DefaultLauncher.java:114)
	at org.junit.platform.launcher.core.DefaultLauncher.execute(DefaultLauncher.java:86)
	at org.junit.platform.launcher.core.DefaultLauncherSession$DelegatingLauncher.execute(DefaultLauncherSession.java:86)
	at org.apache.maven.surefire.junitplatform.LazyLauncher.execute(LazyLauncher.java:50)
	at org.apache.maven.surefire.junitplatform.JUnitPlatformProvider.execute(JUnitPlatformProvider.java:184)
	at org.apache.maven.surefire.junitplatform.JUnitPlatformProvider.invokeAllTests(JUnitPlatformProvider.java:148)
	at org.apache.maven.surefire.junitplatform.JUnitPlatformProvider.invoke(JUnitPlatformProvider.java:122)
	at org.apache.maven.surefire.booter.ForkedBooter.runSuitesInProcess(ForkedBooter.java:385)
	at org.apache.maven.surefire.booter.ForkedBooter.execute(ForkedBooter.java:162)
	at org.apache.maven.surefire.booter.ForkedBooter.run(ForkedBooter.java:507)
	at org.apache.maven.surefire.booter.ForkedBooter.main(ForkedBooter.java:495)
Caused by: org.hibernate.TransientObjectException: object references an unsaved transient instance - save the transient instance before flushing: org.hibernate.bugs.Person
	at org.hibernate.metamodel.mapping.EntityIdentifierMapping.getIdentifierIfNotUnsaved(EntityIdentifierMapping.java:100)
	at org.hibernate.metamodel.mapping.internal.SimpleForeignKeyDescriptor.getAssociationKeyFromSide(SimpleForeignKeyDescriptor.java:510)
	at org.hibernate.metamodel.mapping.ForeignKeyDescriptor.getAssociationKeyFromSide(ForeignKeyDescriptor.java:150)
	at org.hibernate.query.sqm.internal.SqmUtil.createValueBindings(SqmUtil.java:397)
	at org.hibernate.query.sqm.internal.SqmUtil.createJdbcParameterBindings(SqmUtil.java:338)
	at org.hibernate.query.sqm.internal.ConcreteSqmSelectQueryPlan.buildCacheableSqmInterpretation(ConcreteSqmSelectQueryPlan.java:358)
	at org.hibernate.query.sqm.internal.ConcreteSqmSelectQueryPlan.withCacheableSqmInterpretation(ConcreteSqmSelectQueryPlan.java:268)
	at org.hibernate.query.sqm.internal.ConcreteSqmSelectQueryPlan.performList(ConcreteSqmSelectQueryPlan.java:244)
	at org.hibernate.query.sqm.internal.QuerySqmImpl.doList(QuerySqmImpl.java:518)
	at org.hibernate.query.spi.AbstractSelectionQuery.list(AbstractSelectionQuery.java:367)
	... 44 more
]]></error>
    <system-out><![CDATA[2023-08-12 15:33:38 INFO  LogHelper:31 - HHH000204: Processing PersistenceUnitInfo [name: templatePU]
2023-08-12 15:33:38 INFO  Version:44 - HHH000412: Hibernate ORM core version 6.2.7.Final
2023-08-12 15:33:38 INFO  Environment:159 - HHH000205: Loaded properties from resource hibernate.properties: {hibernate.format_sql=true, jakarta.persistence.validation.mode=NONE, hibernate.dialect=org.hibernate.dialect.H2Dialect, hibernate.connection.username=sa, hibernate.connection.url=jdbc:h2:mem:db1;DB_CLOSE_DELAY=-1, hibernate.max_fetch_depth=5, hibernate.show_sql=false, hibernate.jdbc.batch_versioned_data=true, hibernate.connection.driver_class=org.h2.Driver, hibernate.connection.password=****, hibernate.bytecode.use_reflection_optimizer=true, hibernate.cache.region_prefix=hibernate.test, hibernate.connection.pool_size=5, hibernate.cache.region.factory_class=org.hibernate.testing.cache.CachingRegionFactory, hibernate.service.allow_crawling=false, hibernate.session.events.log=true}
2023-08-12 15:33:38 INFO  Environment:191 - HHH000406: Using bytecode reflection optimizer
2023-08-12 15:33:38 WARN  CachingRegionFactory:48 - org.hibernate.testing.cache.CachingRegionFactory should be only used for testing.
2023-08-12 15:33:38 WARN  pooling:80 - HHH10001002: Using built-in connection pool (not intended for production use)
2023-08-12 15:33:38 INFO  pooling:139 - HHH10001005: Loaded JDBC driver class: org.h2.Driver
2023-08-12 15:33:38 INFO  pooling:161 - HHH10001012: Connecting with JDBC URL [jdbc:h2:mem:db1;DB_CLOSE_DELAY=-1]
2023-08-12 15:33:38 INFO  pooling:170 - HHH10001001: Connection properties: {password=****, user=sa}
2023-08-12 15:33:38 INFO  pooling:174 - HHH10001003: Autocommit mode: false
2023-08-12 15:33:38 INFO  pooling:366 - HHH10001115: Connection pool size: 5 (min=1)
2023-08-12 15:33:38 INFO  BytecodeProviderInitiator:53 - HHH000021: Bytecode provider name : bytebuddy
2023-08-12 15:33:38 INFO  JtaPlatformInitiator:51 - HHH000490: Using JtaPlatform implementation: [org.hibernate.engine.transaction.jta.platform.internal.WildFlyStandAloneJtaPlatform]
Hibernate: 
    drop table if exists Account cascade 
2023-08-12 15:33:38 INFO  access:52 - HHH10001501: Connection obtained from JdbcConnectionAccess [org.hibernate.engine.jdbc.env.internal.JdbcEnvironmentInitiator$ConnectionProviderJdbcConnectionAccess@7c9372ed] for (non-JTA) DDL execution was not in auto-commit mode; the Connection 'local transaction' will be committed and the Connection will be set into auto-commit mode.
Hibernate: 
    drop table if exists Person cascade 
Hibernate: 
    drop table if exists Ticket cascade 
Hibernate: 
    drop sequence if exists Person_SEQ
Hibernate: 
    create sequence Person_SEQ start with 1 increment by 50
2023-08-12 15:33:38 INFO  access:52 - HHH10001501: Connection obtained from JdbcConnectionAccess [org.hibernate.engine.jdbc.env.internal.JdbcEnvironmentInitiator$ConnectionProviderJdbcConnectionAccess@1d585fb] for (non-JTA) DDL execution was not in auto-commit mode; the Connection 'local transaction' will be committed and the Connection will be set into auto-commit mode.
Hibernate: 
    create table Account (
        id bigint not null,
        primary key (id)
    )
Hibernate: 
    create table Person (
        account_id bigint,
        id bigint not null,
        primary key (id)
    )
Hibernate: 
    create table Ticket (
        id bigint not null,
        owner_id bigint,
        primary key (id)
    )
Hibernate: 
    alter table if exists Person 
       add constraint FKb7sarge8idrs201yl6w72671y 
       foreign key (account_id) 
       references Account
Hibernate: 
    alter table if exists Ticket 
       add constraint FKjduplaf9mqc421gnvejby87u0 
       foreign key (owner_id) 
       references Person
Hibernate: 
    drop table if exists Account cascade 
2023-08-12 15:33:38 INFO  access:52 - HHH10001501: Connection obtained from JdbcConnectionAccess [org.hibernate.engine.jdbc.env.internal.JdbcEnvironmentInitiator$ConnectionProviderJdbcConnectionAccess@7b4619a3] for (non-JTA) DDL execution was not in auto-commit mode; the Connection 'local transaction' will be committed and the Connection will be set into auto-commit mode.
Hibernate: 
    drop table if exists Person cascade 
Hibernate: 
    drop table if exists Ticket cascade 
Hibernate: 
    drop sequence if exists Person_SEQ
2023-08-12 15:33:38 INFO  pooling:608 - HHH10001008: Cleaning up connection pool [jdbc:h2:mem:db1;DB_CLOSE_DELAY=-1]
2023-08-12 15:33:38 ERROR pooling:470 - Connection leak detected: there are 1 unclosed connections upon shutting down pool jdbc:h2:mem:db1;DB_CLOSE_DELAY=-1
2023-08-12 15:33:38 ERROR pooling:301 - Connection leak detected: there are 1 unclosed connections
]]></system-out>
  </testcase>
</testsuite>